app/build/outputs/logs/manifest-merger-debug-report.txt
-- Merging decision tree log ---
manifest
ADDED from src\main\AndroidManifest.xml:2:1-48:12
	package
		ADDED from src\main\AndroidManifest.xml:3:5-35
		INJECTED from src\main\AndroidManifest.xml
		INJECTED from src\main\AndroidManifest.xml
	android:versionName
		ADDED from src\main\AndroidManifest.xml:5:5-30
		INJECTED from src\main\AndroidManifest.xml
		INJECTED from src\main\AndroidManifest.xml
	android:versionCode
		ADDED from src\main\AndroidManifest.xml:4:5-28
		INJECTED from src\main\AndroidManifest.xml
		INJECTED from src\main\AndroidManifest.xml
	xmlns:android
		ADDED from src\main\AndroidManifest.xml:2:11-69
uses-permission#android.permission.INTERNET
ADDED from src\main\AndroidManifest.xml:7:5-67
	android:name
		ADDED from src\main\AndroidManifest.xml:7:22-64
uses-permission#android.permission.ACCESS_NETWORK_STATE
ADDED from src\main\AndroidManifest.xml:8:5-78
	android:name
		ADDED from src\main\AndroidManifest.xml:8:22-76
uses-permission#android.permission.ACCESS_WIFI_STATE
ADDED from src\main\AndroidManifest.xml:9:5-75
	android:name
		ADDED from src\main\AndroidManifest.xml:9:22-73
uses-permission#android.permission.ACCESS_FINE_LOCATION
ADDED from src\main\AndroidManifest.xml:10:5-78
	android:name
		ADDED from src\main\AndroidManifest.xml:10:22-76
application
ADDED from src\main\AndroidManifest.xml:12:5-46:19
MERGED from [com.android.support:support-v4:24.2.0] AndroidManifest.xml:25:5-20
MERGED from [com.android.support:support-compat:24.2.0] AndroidManifest.xml:25:5-20
MERGED from [com.android.support:support-core-utils:24.2.0] AndroidManifest.xml:25:5-20
MERGED from [com.android.support:support-compat:24.2.0] AndroidManifest.xml:25:5-20
MERGED from [com.android.support:support-media-compat:24.2.0] AndroidManifest.xml:25:5-20
MERGED from [com.android.support:support-compat:24.2.0] AndroidManifest.xml:25:5-20
MERGED from [com.android.support:support-core-ui:24.2.0] AndroidManifest.xml:25:5-20
MERGED from [com.android.support:support-compat:24.2.0] AndroidManifest.xml:25:5-20
MERGED from [com.android.support:support-fragment:24.2.0] AndroidManifest.xml:25:5-20
MERGED from [com.android.support:support-compat:24.2.0] AndroidManifest.xml:25:5-20
MERGED from [com.android.support:support-core-utils:24.2.0] AndroidManifest.xml:25:5-20
MERGED from [com.android.support:support-compat:24.2.0] AndroidManifest.xml:25:5-20
MERGED from [com.android.support:support-media-compat:24.2.0] AndroidManifest.xml:25:5-20
MERGED from [com.android.support:support-compat:24.2.0] AndroidManifest.xml:25:5-20
MERGED from [com.android.support:support-core-ui:24.2.0] AndroidManifest.xml:25:5-20
MERGED from [com.android.support:support-compat:24.2.0] AndroidManifest.xml:25:5-20
MERGED from [org.altbeacon:android-beacon-library:2.7] AndroidManifest.xml:17:5-36:19
	android:label
		ADDED from src\main\AndroidManifest.xml:16:9-41
	android:allowBackup
		ADDED from src\main\AndroidManifest.xml:14:9-35
	android:icon
		ADDED from src\main\AndroidManifest.xml:15:9-41
	android:theme
		ADDED from src\main\AndroidManifest.xml:17:9-40
	android:name
		ADDED from src\main\AndroidManifest.xml:13:9-51
activity#org.altbeacon.probbc.MainActivity
ADDED from src\main\AndroidManifest.xml:18:9-26:20
	android:label
		ADDED from src\main\AndroidManifest.xml:20:13-56
	android:name
		ADDED from src\main\AndroidManifest.xml:19:13-41
intent-filter#android.intent.action.MAIN+android.intent.category.LAUNCHER
ADDED from src\main\AndroidManifest.xml:21:13-25:29
action#android.intent.action.MAIN
ADDED from src\main\AndroidManifest.xml:22:17-69
	android:name
		ADDED from src\main\AndroidManifest.xml:22:25-66
category#android.intent.category.LAUNCHER
ADDED from src\main\AndroidManifest.xml:24:17-77
	android:name
		ADDED from src\main\AndroidManifest.xml:24:27-74
activity#org.altbeacon.probbc.MonitoringActivity
ADDED from src\main\AndroidManifest.xml:27:9-32:20
	android:label
		ADDED from src\main\AndroidManifest.xml:29:13-45
	android:parentActivityName
		ADDED from src\main\AndroidManifest.xml:30:13-62
	android:name
		ADDED from src\main\AndroidManifest.xml:28:13-47
activity#org.altbeacon.probbc.RangingActivity
ADDED from src\main\AndroidManifest.xml:33:9-35:48
	android:label
		ADDED from src\main\AndroidManifest.xml:35:13-45
	android:name
		ADDED from src\main\AndroidManifest.xml:34:13-44
activity#org.altbeacon.probbc.LoginActivity
ADDED from src\main\AndroidManifest.xml:36:9-38:60
	android:label
		ADDED from src\main\AndroidManifest.xml:38:13-57
	android:name
		ADDED from src\main\AndroidManifest.xml:37:13-42
activity#org.altbeacon.probbc.SelectBatchActivity
ADDED from src\main\AndroidManifest.xml:39:9-41:67
	android:label
		ADDED from src\main\AndroidManifest.xml:41:13-64
	android:name
		ADDED from src\main\AndroidManifest.xml:40:13-48
activity#org.altbeacon.probbc.StudentListActivity
ADDED from src\main\AndroidManifest.xml:42:9-45:25
	android:label
		ADDED from src\main\AndroidManifest.xml:44:13-64
	android:name
		ADDED from src\main\AndroidManifest.xml:43:13-48
uses-sdk
INJECTED from src\main\AndroidManifest.xml reason: use-sdk injection requested
MERGED from [com.android.support:support-v4:24.2.0] AndroidManifest.xml:21:5-23:54
MERGED from [com.android.support:support-compat:24.2.0] AndroidManifest.xml:21:5-23:58
MERGED from [com.android.support:support-core-utils:24.2.0] AndroidManifest.xml:21:5-23:61
MERGED from [com.android.support:support-compat:24.2.0] AndroidManifest.xml:21:5-23:58
MERGED from [com.android.support:support-media-compat:24.2.0] AndroidManifest.xml:21:5-23:63
MERGED from [com.android.support:support-compat:24.2.0] AndroidManifest.xml:21:5-23:58
MERGED from [com.android.support:support-core-ui:24.2.0] AndroidManifest.xml:21:5-23:58
MERGED from [com.android.support:support-compat:24.2.0] AndroidManifest.xml:21:5-23:58
MERGED from [com.android.support:support-fragment:24.2.0] AndroidManifest.xml:21:5-23:60
MERGED from [com.android.support:support-compat:24.2.0] AndroidManifest.xml:21:5-23:58
MERGED from [com.android.support:support-core-utils:24.2.0] AndroidManifest.xml:21:5-23:61
MERGED from [com.android.support:support-compat:24.2.0] AndroidManifest.xml:21:5-23:58
MERGED from [com.android.support:support-media-compat:24.2.0] AndroidManifest.xml:21:5-23:63
MERGED from [com.android.support:support-compat:24.2.0] AndroidManifest.xml:21:5-23:58
MERGED from [com.android.support:support-core-ui:24.2.0] AndroidManifest.xml:21:5-23:58
MERGED from [com.android.support:support-compat:24.2.0] AndroidManifest.xml:21:5-23:58
MERGED from [org.altbeacon:android-beacon-library:2.7] AndroidManifest.xml:7:5-9:41
	tools:overrideLibrary
		ADDED from [com.android.support:support-v4:24.2.0] AndroidManifest.xml:23:9-51
	android:targetSdkVersion
		INJECTED from src\main\AndroidManifest.xml
		INJECTED from src\main\AndroidManifest.xml
	android:minSdkVersion
		INJECTED from src\main\AndroidManifest.xml
		INJECTED from src\main\AndroidManifest.xml
uses-permission#android.permission.BLUETOOTH
ADDED from [org.altbeacon:android-beacon-library:2.7] AndroidManifest.xml:11:5-68
	android:name
		ADDED from [org.altbeacon:android-beacon-library:2.7] AndroidManifest.xml:11:22-65
uses-permission#android.permission.BLUETOOTH_ADMIN
ADDED from [org.altbeacon:android-beacon-library:2.7] AndroidManifest.xml:12:5-74
	android:name
		ADDED from [org.altbeacon:android-beacon-library:2.7] AndroidManifest.xml:12:22-71
uses-permission#android.permission.RECEIVE_BOOT_COMPLETED
ADDED from [org.altbeacon:android-beacon-library:2.7] AndroidManifest.xml:13:5-81
	android:name
		ADDED from [org.altbeacon:android-beacon-library:2.7] AndroidManifest.xml:13:22-78
uses-permission-sdk-23
ADDED from [org.altbeacon:android-beacon-library:2.7] AndroidManifest.xml:15:5-88
	android:name
		ADDED from [org.altbeacon:android-beacon-library:2.7] AndroidManifest.xml:15:29-85
receiver#org.altbeacon.beacon.startup.StartupBroadcastReceiver
ADDED from [org.altbeacon:android-beacon-library:2.7] AndroidManifest.xml:18:9-24:20
	android:name
		ADDED from [org.altbeacon:android-beacon-library:2.7] AndroidManifest.xml:18:19-87
intent-filter#android.intent.action.ACTION_POWER_CONNECTED+android.intent.action.ACTION_POWER_DISCONNECTED+android.intent.action.BOOT_COMPLETED
ADDED from [org.altbeacon:android-beacon-library:2.7] AndroidManifest.xml:19:13-23:29
action#android.intent.action.BOOT_COMPLETED
ADDED from [org.altbeacon:android-beacon-library:2.7] AndroidManifest.xml:20:17-79
	android:name
		ADDED from [org.altbeacon:android-beacon-library:2.7] AndroidManifest.xml:20:25-76
action#android.intent.action.ACTION_POWER_CONNECTED
ADDED from [org.altbeacon:android-beacon-library:2.7] AndroidManifest.xml:21:17-87
	android:name
		ADDED from [org.altbeacon:android-beacon-library:2.7] AndroidManifest.xml:21:25-84
action#android.intent.action.ACTION_POWER_DISCONNECTED
ADDED from [org.altbeacon:android-beacon-library:2.7] AndroidManifest.xml:22:17-90
	android:name
		ADDED from [org.altbeacon:android-beacon-library:2.7] AndroidManifest.xml:22:25-87
service#org.altbeacon.beacon.service.BeaconService
ADDED from [org.altbeacon:android-beacon-library:2.7] AndroidManifest.xml:26:9-31:38
	android:enabled
		ADDED from [org.altbeacon:android-beacon-library:2.7] AndroidManifest.xml:28:13-35
	android:label
		ADDED from [org.altbeacon:android-beacon-library:2.7] AndroidManifest.xml:31:13-35
	android:exported
		ADDED from [org.altbeacon:android-beacon-library:2.7] AndroidManifest.xml:29:13-37
	android:isolatedProcess
		ADDED from [org.altbeacon:android-beacon-library:2.7] AndroidManifest.xml:30:13-44
	android:name
		ADDED from [org.altbeacon:android-beacon-library:2.7] AndroidManifest.xml:27:13-70
service#org.altbeacon.beacon.BeaconIntentProcessor
ADDED from [org.altbeacon:android-beacon-library:2.7] AndroidManifest.xml:32:9-35:40
	android:enabled
		ADDED from [org.altbeacon:android-beacon-library:2.7] AndroidManifest.xml:34:13-35
	android:exported
		ADDED from [org.altbeacon:android-beacon-library:2.7] AndroidManifest.xml:35:13-37
	android:name
		ADDED from [org.altbeacon:android-beacon-library:2.7] AndroidManifest.xml:33:13-70